#
# A fatal error has been detected by the Java Runtime Environment:
#
#  EXCEPTION_ACCESS_VIOLATION (0xc0000005) at pc=0x000000005d1ab2b8, pid=7224, tid=0x0000000000001578
#
# JRE version: Java(TM) SE Runtime Environment (8.0_181-b13) (build 1.8.0_181-b13)
# Java VM: Java HotSpot(TM) 64-Bit Server VM (25.181-b13 mixed mode windows-amd64 compressed oops)
# Problematic frame:
# V  [jvm.dll+0x13b2b8]
#
# Failed to write core dump. Minidumps are not enabled by default on client versions of Windows
#
# If you would like to submit a bug report, please visit:
#   http://bugreport.java.com/bugreport/crash.jsp
#

---------------  T H R E A D  ---------------

Current thread (0x0000000002c5e800):  GCTaskThread [stack: 0x0000000012800000,0x0000000012900000] [id=5496]

siginfo: ExceptionCode=0xc0000005, reading address 0xffffffffffffffff

Registers:
RAX=0x0000000012a00000, RBX=0x000000000000143f, RCX=0x0000000000000000, RDX=0x0000000000000000
RSP=0x00000000128ff450, RBP=0x0000000002d318d0, RSI=0x00000000a19a4a08, RDI=0x0000000000000001
R8 =0x007fffffffaf5000, R9 =0x0000000002d318d0, R10=0x000000000000146c, R11=0x00000000a19a4b28
R12=0x00000000a19a4a20, R13=0x0000000000000080, R14=0x00000000a19a4810, R15=0x0000000000000080
RIP=0x000000005d1ab2b8, EFLAGS=0x0000000000010246

Top of Stack: (sp=0x00000000128ff450)
0x00000000128ff450:   0000000016de63a0 000000005d185216
0x00000000128ff460:   00000000a19a4810 00000000a19a4804
0x00000000128ff470:   0000000002d318d0 000000005d1ab3d3
0x00000000128ff480:   0000000000000000 00000000000003d8
0x00000000128ff490:   0000000002c5f228 00000000164c54d0
0x00000000128ff4a0:   000000000000143f 000000005d46a270
0x00000000128ff4b0:   0000000002d318d0 0000000002c54350
0x00000000128ff4c0:   0000000002c5ee50 0000000002c5ee50
0x00000000128ff4d0:   0000000000000000 0000000000000c00
0x00000000128ff4e0:   0000000000000000 0000000000000000
0x00000000128ff4f0:   0000000000000000 000000001adff000
0x00000000128ff500:   0000000000000001 0000000000000001
0x00000000128ff510:   0000469a15fe396f 0000000002c5f228
0x00000000128ff520:   0000000002c5ee50 00000000000003d8
0x00000000128ff530:   0000000002c5ee50 0000000002c54350
0x00000000128ff540:   0000000002c5ee40 00000000164c54d0 

Instructions: (pc=0x000000005d1ab2b8)
0x000000005d1ab298:   05 63 7a 6e 00 49 c1 e8 03 49 d3 e8 41 0f b6 c0
0x000000005d1ab2a8:   49 c1 e8 06 24 3f 0f b6 d0 48 8b 05 78 7a 6e 00
0x000000005d1ab2b8:   4a 8b 0c c0 48 0f a3 d1 72 3e 48 8b cf e8 06 1e
0x000000005d1ab2c8:   fd ff 84 c0 74 32 48 8b d7 48 8b cd e8 f7 de fc 


Register to memory mapping:

RAX=0x0000000012a00000 is an unknown value
RBX=0x000000000000143f is an unknown value
RCX=0x0000000000000000 is an unknown value
RDX=0x0000000000000000 is an unknown value
RSP=0x00000000128ff450 is an unknown value
RBP=0x0000000002d318d0 is an unknown value
RSI=0x00000000a19a4a08 is pointing into object: 0x00000000a19a4810
[Ljava.util.HashMap$Node; 
 - klass: 'java/util/HashMap$Node'[]
 - length: 128
RDI=0x0000000000000001 is an unknown value
R8 =0x007fffffffaf5000 is an unknown value
R9 =0x0000000002d318d0 is an unknown value
R10=0x000000000000146c is an unknown value
R11=0x00000000a19a4b28 is an oop
java.util.HashMap$Node 
 - klass: 'java/util/HashMap$Node'
R12=0x00000000a19a4a20 is an oop
java.util.HashMap$Node 
 - klass: 'java/util/HashMap$Node'
R13=0x0000000000000080 is an unknown value
R14=0x00000000a19a4810 is an oop
[Ljava.util.HashMap$Node; 
 - klass: 'java/util/HashMap$Node'[]
 - length: 128
R15=0x0000000000000080 is an unknown value


Stack: [0x0000000012800000,0x0000000012900000],  sp=0x00000000128ff450,  free space=1021k
Native frames: (J=compiled Java code, j=interpreted, Vv=VM code, C=native code)
V  [jvm.dll+0x13b2b8]
V  [jvm.dll+0x3fa270]
V  [jvm.dll+0x3f6f73]
V  [jvm.dll+0x3f4dde]
V  [jvm.dll+0x29e64a]
C  [msvcr100.dll+0x21d9f]
C  [msvcr100.dll+0x21e3b]
C  [KERNEL32.DLL+0x13d2]
C  [ntdll.dll+0x154f4]


---------------  P R O C E S S  ---------------

Java Threads: ( => current thread )
  0x000000001adff800 JavaThread "HikariPool-1 housekeeper" daemon [_thread_blocked, id=3980, stack(0x000000001c720000,0x000000001c820000)]
  0x000000001adff000 JavaThread "oracle.jdbc.driver.BlockSource.ThreadedCachingBlockSource.BlockReleaser" daemon [_thread_blocked, id=3172, stack(0x000000001c320000,0x000000001c420000)]
  0x000000001adfb000 JavaThread "container-0" [_thread_blocked, id=8024, stack(0x000000001c120000,0x000000001c220000)]
  0x000000001adfd800 JavaThread "ContainerBackgroundProcessor[StandardEngine[Tomcat]]" daemon [_thread_blocked, id=548, stack(0x000000001c020000,0x000000001c120000)]
  0x000000001adfc000 JavaThread "localhost-startStop-1" daemon [_thread_blocked, id=7808, stack(0x000000001bd20000,0x000000001be20000)]
  0x000000001adfc800 JavaThread "Tomcat-startStop-1" daemon [_thread_blocked, id=5828, stack(0x0000000019c50000,0x0000000019d50000)]
  0x0000000018bd6000 JavaThread "restartedMain" [_thread_blocked, id=4548, stack(0x0000000019b50000,0x0000000019c50000)]
  0x0000000018b40800 JavaThread "Thread-2" [_thread_blocked, id=3584, stack(0x0000000019a50000,0x0000000019b50000)]
  0x0000000018b00800 JavaThread "JMX server connection timeout 17" daemon [_thread_blocked, id=5888, stack(0x0000000019950000,0x0000000019a50000)]
  0x0000000018ae9000 JavaThread "RMI TCP Connection(2)-127.0.0.1" daemon [_thread_blocked, id=7248, stack(0x0000000019850000,0x0000000019950000)]
  0x0000000018afb800 JavaThread "RMI Scheduler(0)" daemon [_thread_blocked, id=4836, stack(0x0000000019750000,0x0000000019850000)]
  0x0000000018ad3000 JavaThread "RMI TCP Connection(1)-127.0.0.1" daemon [_thread_in_native, id=1132, stack(0x0000000019650000,0x0000000019750000)]
  0x0000000018941800 JavaThread "RMI TCP Accept-0" daemon [_thread_in_native, id=4332, stack(0x0000000019150000,0x0000000019250000)]
  0x0000000018933800 JavaThread "RMI TCP Accept-62911" daemon [_thread_in_native, id=5072, stack(0x0000000019050000,0x0000000019150000)]
  0x0000000018920800 JavaThread "RMI TCP Accept-0" daemon [_thread_in_native, id=7080, stack(0x0000000018f50000,0x0000000019050000)]
  0x0000000017fa8800 JavaThread "Service Thread" daemon [_thread_blocked, id=7460, stack(0x0000000018370000,0x0000000018470000)]
  0x0000000016607800 JavaThread "C1 CompilerThread2" daemon [_thread_blocked, id=4280, stack(0x0000000017e70000,0x0000000017f70000)]
  0x00000000165f8800 JavaThread "C2 CompilerThread1" daemon [_thread_blocked, id=1568, stack(0x0000000017d70000,0x0000000017e70000)]
  0x00000000165f7000 JavaThread "C2 CompilerThread0" daemon [_thread_blocked, id=6468, stack(0x0000000017c70000,0x0000000017d70000)]
  0x00000000165f3800 JavaThread "Attach Listener" daemon [_thread_blocked, id=7620, stack(0x0000000017b70000,0x0000000017c70000)]
  0x00000000165f3000 JavaThread "Signal Dispatcher" daemon [_thread_blocked, id=4396, stack(0x0000000017a70000,0x0000000017b70000)]
  0x00000000165e0000 JavaThread "Finalizer" daemon [_thread_blocked, id=8076, stack(0x0000000017860000,0x0000000017960000)]
  0x0000000002d36800 JavaThread "Reference Handler" daemon [_thread_blocked, id=5044, stack(0x0000000017760000,0x0000000017860000)]
  0x0000000002c45800 JavaThread "main" [_thread_blocked, id=7304, stack(0x0000000002b40000,0x0000000002c40000)]

Other Threads:
  0x00000000165b7800 VMThread [stack: 0x0000000017660000,0x0000000017760000] [id=3112]
  0x0000000018942800 WatcherThread [stack: 0x0000000019250000,0x0000000019350000] [id=2004]

=>0x0000000002c5e800 (exited) GCTaskThread [stack: 0x0000000012800000,0x0000000012900000] [id=5496]

VM state:at safepoint (normal execution)

VM Mutex/Monitor currently owned by a thread:  ([mutex/lock_event])
[0x0000000002c428d0] Threads_lock - owner thread: 0x00000000165b7800
[0x0000000002c424d0] Heap_lock - owner thread: 0x0000000018bd6000

Heap:
 PSYoungGen      total 182784K, used 10729K [0x00000000e0780000, 0x00000000f1380000, 0x0000000100000000)
  eden space 172032K, 0% used [0x00000000e0780000,0x00000000e0780000,0x00000000eaf80000)
  from space 10752K, 99% used [0x00000000eaf80000,0x00000000eb9fa7d0,0x00000000eba00000)
  to   space 15872K, 0% used [0x00000000f0400000,0x00000000f0400000,0x00000000f1380000)
 ParOldGen       total 39424K, used 15340K [0x00000000a1600000, 0x00000000a3c80000, 0x00000000e0780000)
  object space 39424K, 38% used [0x00000000a1600000,0x00000000a24fb048,0x00000000a3c80000)
 Metaspace       used 33764K, capacity 35348K, committed 35456K, reserved 1079296K
  class space    used 4573K, capacity 4912K, committed 4992K, reserved 1048576K

Card table byte_map: [0x0000000012100000,0x0000000012400000] byte_map_base: 0x0000000011bf5000

Marking Bits: (ParMarkBitMap*) 0x000000005d892d00
 Begin Bits: [0x0000000012a00000, 0x00000000141a8000)
 End Bits:   [0x00000000141a8000, 0x0000000015950000)

Polling page: 0x00000000029d0000

CodeCache: size=245760Kb used=7510Kb max_used=7510Kb free=238249Kb
 bounds [0x0000000002d40000, 0x00000000034a0000, 0x0000000011d40000]
 total_blobs=4069 nmethods=3616 adapters=364
 compilation: enabled

Compilation events (10 events):
Event: 5.578 Thread 0x0000000016607800 3611       1       java.util.regex.Pattern::<init> (90 bytes)
Event: 5.578 Thread 0x0000000016607800 nmethod 3611 0x0000000003494310 code [0x0000000003494480, 0x00000000034947b8]
Event: 5.600 Thread 0x0000000016607800 3613       1       oracle.jdbc.driver.T4CSocketInputStreamWrapper::read (61 bytes)
Event: 5.600 Thread 0x0000000016607800 nmethod 3613 0x0000000003494910 code [0x0000000003494a80, 0x0000000003494c48]
Event: 5.602 Thread 0x0000000016607800 3614       1       oracle.jdbc.driver.T4CSocketInputStreamWrapper::readB1 (5 bytes)
Event: 5.602 Thread 0x0000000016607800 nmethod 3614 0x0000000003494d50 code [0x0000000003494ea0, 0x0000000003494fc8]
Event: 5.602 Thread 0x0000000016607800 3615       1       java.lang.Byte::parseByte (57 bytes)
Event: 5.603 Thread 0x0000000016607800 nmethod 3615 0x0000000003495050 code [0x0000000003495220, 0x0000000003495648]
Event: 5.609 Thread 0x0000000016607800 3616       1       java.lang.StringBuilder::append (10 bytes)
Event: 5.609 Thread 0x0000000016607800 nmethod 3616 0x0000000003495950 code [0x0000000003495aa0, 0x0000000003495be8]

GC Heap History (10 events):
Event: 1.927 GC heap after
Heap after GC invocations=6 (full 0):
 PSYoungGen      total 108032K, used 4254K [0x00000000e0780000, 0x00000000e7a80000, 0x0000000100000000)
  eden space 98304K, 0% used [0x00000000e0780000,0x00000000e0780000,0x00000000e6780000)
  from space 9728K, 43% used [0x00000000e7100000,0x00000000e7527928,0x00000000e7a80000)
  to   space 9728K, 0% used [0x00000000e6780000,0x00000000e6780000,0x00000000e7100000)
 ParOldGen       total 65536K, used 8121K [0x00000000a1600000, 0x00000000a5600000, 0x00000000e0780000)
  object space 65536K, 12% used [0x00000000a1600000,0x00000000a1dee788,0x00000000a5600000)
 Metaspace       used 20421K, capacity 21104K, committed 21296K, reserved 1067008K
  class space    used 2768K, capacity 2933K, committed 2944K, reserved 1048576K
}
Event: 1.927 GC heap before
{Heap before GC invocations=7 (full 1):
 PSYoungGen      total 108032K, used 4254K [0x00000000e0780000, 0x00000000e7a80000, 0x0000000100000000)
  eden space 98304K, 0% used [0x00000000e0780000,0x00000000e0780000,0x00000000e6780000)
  from space 9728K, 43% used [0x00000000e7100000,0x00000000e7527928,0x00000000e7a80000)
  to   space 9728K, 0% used [0x00000000e6780000,0x00000000e6780000,0x00000000e7100000)
 ParOldGen       total 65536K, used 8121K [0x00000000a1600000, 0x00000000a5600000, 0x00000000e0780000)
  object space 65536K, 12% used [0x00000000a1600000,0x00000000a1dee788,0x00000000a5600000)
 Metaspace       used 20421K, capacity 21104K, committed 21296K, reserved 1067008K
  class space    used 2768K, capacity 2933K, committed 2944K, reserved 1048576K
Event: 1.971 GC heap after
Heap after GC invocations=7 (full 1):
 PSYoungGen      total 108032K, used 0K [0x00000000e0780000, 0x00000000e7a80000, 0x0000000100000000)
  eden space 98304K, 0% used [0x00000000e0780000,0x00000000e0780000,0x00000000e6780000)
  from space 9728K, 0% used [0x00000000e7100000,0x00000000e7100000,0x00000000e7a80000)
  to   space 9728K, 0% used [0x00000000e6780000,0x00000000e6780000,0x00000000e7100000)
 ParOldGen       total 39424K, used 5149K [0x00000000a1600000, 0x00000000a3c80000, 0x00000000e0780000)
  object space 39424K, 13% used [0x00000000a1600000,0x00000000a1b07648,0x00000000a3c80000)
 Metaspace       used 20421K, capacity 21104K, committed 21296K, reserved 1067008K
  class space    used 2768K, capacity 2933K, committed 2944K, reserved 1048576K
}
Event: 2.808 GC heap before
{Heap before GC invocations=8 (full 1):
 PSYoungGen      total 108032K, used 98304K [0x00000000e0780000, 0x00000000e7a80000, 0x0000000100000000)
  eden space 98304K, 100% used [0x00000000e0780000,0x00000000e6780000,0x00000000e6780000)
  from space 9728K, 0% used [0x00000000e7100000,0x00000000e7100000,0x00000000e7a80000)
  to   space 9728K, 0% used [0x00000000e6780000,0x00000000e6780000,0x00000000e7100000)
 ParOldGen       total 39424K, used 5149K [0x00000000a1600000, 0x00000000a3c80000, 0x00000000e0780000)
  object space 39424K, 13% used [0x00000000a1600000,0x00000000a1b07648,0x00000000a3c80000)
 Metaspace       used 22287K, capacity 23128K, committed 23296K, reserved 1069056K
  class space    used 3050K, capacity 3261K, committed 3328K, reserved 1048576K
Event: 2.816 GC heap after
Heap after GC invocations=8 (full 1):
 PSYoungGen      total 108032K, used 5009K [0x00000000e0780000, 0x00000000ec480000, 0x0000000100000000)
  eden space 98304K, 0% used [0x00000000e0780000,0x00000000e0780000,0x00000000e6780000)
  from space 9728K, 51% used [0x00000000e6780000,0x00000000e6c64618,0x00000000e7100000)
  to   space 9216K, 0% used [0x00000000ebb80000,0x00000000ebb80000,0x00000000ec480000)
 ParOldGen       total 39424K, used 5221K [0x00000000a1600000, 0x00000000a3c80000, 0x00000000e0780000)
  object space 39424K, 13% used [0x00000000a1600000,0x00000000a1b19658,0x00000000a3c80000)
 Metaspace       used 22287K, capacity 23128K, committed 23296K, reserved 1069056K
  class space    used 3050K, capacity 3261K, committed 3328K, reserved 1048576K
}
Event: 4.068 GC heap before
{Heap before GC invocations=9 (full 1):
 PSYoungGen      total 108032K, used 103313K [0x00000000e0780000, 0x00000000ec480000, 0x0000000100000000)
  eden space 98304K, 100% used [0x00000000e0780000,0x00000000e6780000,0x00000000e6780000)
  from space 9728K, 51% used [0x00000000e6780000,0x00000000e6c64618,0x00000000e7100000)
  to   space 9216K, 0% used [0x00000000ebb80000,0x00000000ebb80000,0x00000000ec480000)
 ParOldGen       total 39424K, used 5221K [0x00000000a1600000, 0x00000000a3c80000, 0x00000000e0780000)
  object space 39424K, 13% used [0x00000000a1600000,0x00000000a1b19658,0x00000000a3c80000)
 Metaspace       used 26620K, capacity 28142K, committed 28416K, reserved 1073152K
  class space    used 3724K, capacity 4055K, committed 4096K, reserved 1048576K
Event: 4.086 GC heap after
Heap after GC invocations=9 (full 1):
 PSYoungGen      total 180224K, used 9190K [0x00000000e0780000, 0x00000000ec480000, 0x0000000100000000)
  eden space 171008K, 0% used [0x00000000e0780000,0x00000000e0780000,0x00000000eae80000)
  from space 9216K, 99% used [0x00000000ebb80000,0x00000000ec4798b0,0x00000000ec480000)
  to   space 10752K, 0% used [0x00000000eaf80000,0x00000000eaf80000,0x00000000eba00000)
 ParOldGen       total 39424K, used 6067K [0x00000000a1600000, 0x00000000a3c80000, 0x00000000e0780000)
  object space 39424K, 15% used [0x00000000a1600000,0x00000000a1becd18,0x00000000a3c80000)
 Metaspace       used 26620K, capacity 28142K, committed 28416K, reserved 1073152K
  class space    used 3724K, capacity 4055K, committed 4096K, reserved 1048576K
}
Event: 5.610 GC heap before
{Heap before GC invocations=10 (full 1):
 PSYoungGen      total 180224K, used 155943K [0x00000000e0780000, 0x00000000ec480000, 0x0000000100000000)
  eden space 171008K, 85% used [0x00000000e0780000,0x00000000e96d0410,0x00000000eae80000)
  from space 9216K, 99% used [0x00000000ebb80000,0x00000000ec4798b0,0x00000000ec480000)
  to   space 10752K, 0% used [0x00000000eaf80000,0x00000000eaf80000,0x00000000eba00000)
 ParOldGen       total 39424K, used 6067K [0x00000000a1600000, 0x00000000a3c80000, 0x00000000e0780000)
  object space 39424K, 15% used [0x00000000a1600000,0x00000000a1becd18,0x00000000a3c80000)
 Metaspace       used 33764K, capacity 35348K, committed 35456K, reserved 1079296K
  class space    used 4573K, capacity 4912K, committed 4992K, reserved 1048576K
Event: 5.634 GC heap after
Heap after GC invocations=10 (full 1):
 PSYoungGen      total 182784K, used 10729K [0x00000000e0780000, 0x00000000f1380000, 0x0000000100000000)
  eden space 172032K, 0% used [0x00000000e0780000,0x00000000e0780000,0x00000000eaf80000)
  from space 10752K, 99% used [0x00000000eaf80000,0x00000000eb9fa7d0,0x00000000eba00000)
  to   space 15872K, 0% used [0x00000000f0400000,0x00000000f0400000,0x00000000f1380000)
 ParOldGen       total 39424K, used 15340K [0x00000000a1600000, 0x00000000a3c80000, 0x00000000e0780000)
  object space 39424K, 38% used [0x00000000a1600000,0x00000000a24fb048,0x00000000a3c80000)
 Metaspace       used 33764K, capacity 35348K, committed 35456K, reserved 1079296K
  class space    used 4573K, capacity 4912K, committed 4992K, reserved 1048576K
}
Event: 5.634 GC heap before
{Heap before GC invocations=11 (full 2):
 PSYoungGen      total 182784K, used 10729K [0x00000000e0780000, 0x00000000f1380000, 0x0000000100000000)
  eden space 172032K, 0% used [0x00000000e0780000,0x00000000e0780000,0x00000000eaf80000)
  from space 10752K, 99% used [0x00000000eaf80000,0x00000000eb9fa7d0,0x00000000eba00000)
  to   space 15872K, 0% used [0x00000000f0400000,0x00000000f0400000,0x00000000f1380000)
 ParOldGen       total 39424K, used 15340K [0x00000000a1600000, 0x00000000a3c80000, 0x00000000e0780000)
  object space 39424K, 38% used [0x00000000a1600000,0x00000000a24fb048,0x00000000a3c80000)
 Metaspace       used 33764K, capacity 35348K, committed 35456K, reserved 1079296K
  class space    used 4573K, capacity 4912K, committed 4992K, reserved 1048576K

Deoptimization events (0 events):
No events

Classes redefined (0 events):
No events

Internal exceptions (10 events):
Event: 4.974 Thread 0x0000000018bd6000 Exception <a 'java/lang/ClassNotFoundException': org.springframework.boot.autoconfigure.jdbc.metadata.DataSourcePoolMetadataProvidersConfiguration$HikariPoolDataSourceMetadataProviderConfiguration$$Lambda$364/509678582Customizer> (0x00000000e7f011a0) thro
Event: 4.975 Thread 0x0000000018bd6000 Exception <a 'java/lang/ClassNotFoundException': org/springframework/boot/jdbc/metadata/DataSourcePoolMetadataProviderCustomizer> (0x00000000e7f1c828) thrown at [C:\re\workspace\8-2-build-windows-amd64-cygwin\jdk8u181\11358\hotspot\src\share\vm\classfile\
Event: 4.982 Thread 0x0000000018bd6000 Exception <a 'java/lang/ClassNotFoundException': java/lang/ObjectCustomizer> (0x00000000e7f58d10) thrown at [C:\re\workspace\8-2-build-windows-amd64-cygwin\jdk8u181\11358\hotspot\src\share\vm\classfile\systemDictionary.cpp, line 210]
Event: 4.982 Thread 0x0000000018bd6000 Exception <a 'java/lang/ClassNotFoundException': org/springframework/boot/autoconfigure/orm/jpa/JpaBaseConfigurationCustomizer> (0x00000000e7f738a8) thrown at [C:\re\workspace\8-2-build-windows-amd64-cygwin\jdk8u181\11358\hotspot\src\share\vm\classfile\sy
Event: 4.982 Thread 0x0000000018bd6000 Exception <a 'java/lang/ArrayIndexOutOfBoundsException'> (0x00000000e7f78718) thrown at [C:\re\workspace\8-2-build-windows-amd64-cygwin\jdk8u181\11358\hotspot\src\share\vm\runtime\sharedRuntime.cpp, line 605]
Event: 4.984 Thread 0x0000000018bd6000 Exception <a 'java/lang/ClassNotFoundException': org/springframework/boot/autoconfigure/orm/jpa/HibernateJpaConfigurationCustomizer> (0x00000000e7f9a198) thrown at [C:\re\workspace\8-2-build-windows-amd64-cygwin\jdk8u181\11358\hotspot\src\share\vm\classfi
Event: 4.984 Thread 0x0000000018bd6000 Exception <a 'java/lang/ClassNotFoundException': org/springframework/boot/autoconfigure/orm/jpa/HibernateJpaConfiguration$$EnhancerBySpringCGLIB$$4c0a8415Customizer> (0x00000000e7fbad58) thrown at [C:\re\workspace\8-2-build-windows-amd64-cygwin\jdk8u181\1
Event: 4.985 Thread 0x0000000018bd6000 Exception <a 'java/lang/ClassNotFoundException': org/springframework/context/annotation/ConfigurationClassEnhancer$EnhancedConfigurationCustomizer> (0x00000000e7fe2848) thrown at [C:\re\workspace\8-2-build-windows-amd64-cygwin\jdk8u181\11358\hotspot\src\s
Event: 4.986 Thread 0x0000000018bd6000 Exception <a 'java/lang/ClassNotFoundException': org/springframework/beans/factory/BeanFactoryAwareCustomizer> (0x00000000e7ff6180) thrown at [C:\re\workspace\8-2-build-windows-amd64-cygwin\jdk8u181\11358\hotspot\src\share\vm\classfile\systemDictionary.cp
Event: 5.214 Thread 0x0000000018ae9000 Exception <a 'java/lang/reflect/InvocationTargetException'> (0x00000000e112cdc8) thrown at [C:\re\workspace\8-2-build-windows-amd64-cygwin\jdk8u181\11358\hotspot\src\share\vm\runtime\reflection.cpp, line 1092]

Events (10 events):
Event: 5.608 loading class com/zaxxer/hikari/pool/ProxyLeakTaskFactory done
Event: 5.608 loading class com/zaxxer/hikari/pool/HikariPool$HouseKeeper
Event: 5.608 loading class com/zaxxer/hikari/pool/HikariPool$HouseKeeper done
Event: 5.609 loading class com/zaxxer/hikari/pool/ProxyLeakTask
Event: 5.609 loading class com/zaxxer/hikari/pool/ProxyLeakTask done
Event: 5.610 loading class com/zaxxer/hikari/pool/ProxyLeakTask$1
Event: 5.610 loading class com/zaxxer/hikari/pool/ProxyLeakTask$1 done
Event: 5.610 loading class com/zaxxer/hikari/pool/ProxyFactory
Event: 5.610 loading class com/zaxxer/hikari/pool/ProxyFactory done
Event: 5.610 Executing VM operation: CollectForMetadataAllocation


Dynamic libraries:
0x00007ff6e2760000 - 0x00007ff6e2797000 	C:\Program Files\Java\jre1.8.0_181\bin\javaw.exe
0x00007ffd6eb80000 - 0x00007ffd6ed2d000 	C:\Windows\SYSTEM32\ntdll.dll
0x00007ffd6e1c0000 - 0x00007ffd6e2fe000 	C:\Windows\system32\KERNEL32.DLL
0x00007ffd6c000000 - 0x00007ffd6c116000 	C:\Windows\system32\KERNELBASE.dll
0x00007ffd6a860000 - 0x00007ffd6a8ee000 	C:\Windows\system32\apphelp.dll
0x00007ffd5cb60000 - 0x00007ffd5cbb3000 	C:\Windows\AppPatch\AppPatch64\AcGenral.DLL
0x00007ffd6c910000 - 0x00007ffd6c9ba000 	C:\Windows\system32\msvcrt.dll
0x00007ffd6c1d0000 - 0x00007ffd6c1fe000 	C:\Windows\system32\SspiCli.dll
0x00007ffd6e300000 - 0x00007ffd6e354000 	C:\Windows\system32\SHLWAPI.dll
0x00007ffd6c720000 - 0x00007ffd6c897000 	C:\Windows\system32\USER32.dll
0x00007ffd6c580000 - 0x00007ffd6c714000 	C:\Windows\system32\ole32.dll
0x00007ffd6cc80000 - 0x00007ffd6e1ac000 	C:\Windows\system32\SHELL32.dll
0x00007ffd6b260000 - 0x00007ffd6b281000 	C:\Windows\SYSTEM32\USERENV.dll
0x00007ffd6c4d0000 - 0x00007ffd6c57a000 	C:\Windows\system32\ADVAPI32.dll
0x00007ffd67000000 - 0x00007ffd6701e000 	C:\Windows\SYSTEM32\MPR.dll
0x00007ffd6c390000 - 0x00007ffd6c4d0000 	C:\Windows\system32\RPCRT4.dll
0x00007ffd6c9c0000 - 0x00007ffd6ca19000 	C:\Windows\SYSTEM32\sechost.dll
0x00007ffd6e840000 - 0x00007ffd6ea52000 	C:\Windows\SYSTEM32\combase.dll
0x00007ffd6c200000 - 0x00007ffd6c34b000 	C:\Windows\system32\GDI32.dll
0x00007ffd6bca0000 - 0x00007ffd6bcb5000 	C:\Windows\SYSTEM32\profapi.dll
0x00007ffd6a1e0000 - 0x00007ffd6a292000 	C:\Windows\SYSTEM32\SHCORE.dll
0x00007ffd6c350000 - 0x00007ffd6c386000 	C:\Windows\system32\IMM32.DLL
0x00007ffd6e6c0000 - 0x00007ffd6e811000 	C:\Windows\system32\MSCTF.dll
0x00007ffd69cd0000 - 0x00007ffd69f4b000 	C:\Windows\WinSxS\amd64_microsoft.windows.common-controls_6595b64144ccf1df_6.0.9600.18006_none_623f33d3ecbe86e8\COMCTL32.dll
0x000000005cdf0000 - 0x000000005cec2000 	C:\Program Files\Java\jre1.8.0_181\bin\msvcr100.dll
0x000000005d070000 - 0x000000005d912000 	C:\Program Files\Java\jre1.8.0_181\bin\server\jvm.dll
0x00007ffd501a0000 - 0x00007ffd501a9000 	C:\Windows\SYSTEM32\WSOCK32.dll
0x00007ffd57850000 - 0x00007ffd57872000 	C:\Windows\SYSTEM32\WINMM.dll
0x00007ffd68c00000 - 0x00007ffd68c0a000 	C:\Windows\SYSTEM32\VERSION.dll
0x00007ffd6e6b0000 - 0x00007ffd6e6b7000 	C:\Windows\system32\PSAPI.DLL
0x00007ffd6eb20000 - 0x00007ffd6eb7a000 	C:\Windows\system32\WS2_32.dll
0x00007ffd57800000 - 0x00007ffd5782a000 	C:\Windows\SYSTEM32\WINMMBASE.dll
0x00007ffd6cc70000 - 0x00007ffd6cc79000 	C:\Windows\system32\NSI.dll
0x00007ffd6bd70000 - 0x00007ffd6bdbf000 	C:\Windows\SYSTEM32\cfgmgr32.dll
0x00007ffd6aae0000 - 0x00007ffd6ab08000 	C:\Windows\SYSTEM32\DEVOBJ.dll
0x000000005da60000 - 0x000000005da6f000 	C:\Program Files\Java\jre1.8.0_181\bin\verify.dll
0x000000005d040000 - 0x000000005d069000 	C:\Program Files\Java\jre1.8.0_181\bin\java.dll
0x000000005d020000 - 0x000000005d036000 	C:\Program Files\Java\jre1.8.0_181\bin\zip.dll
0x000000005da50000 - 0x000000005da5d000 	C:\Program Files\Java\jre1.8.0_181\bin\management.dll
0x000000005d000000 - 0x000000005d01a000 	C:\Program Files\Java\jre1.8.0_181\bin\net.dll
0x00007ffd6b4d0000 - 0x00007ffd6b529000 	C:\Windows\system32\mswsock.dll
0x000000005cfe0000 - 0x000000005cff1000 	C:\Program Files\Java\jre1.8.0_181\bin\nio.dll
0x00007ffd4e5e0000 - 0x00007ffd4e5f5000 	C:\Windows\system32\napinsp.dll
0x00007ffd4e600000 - 0x00007ffd4e61a000 	C:\Windows\system32\pnrpnsp.dll
0x00007ffd64c80000 - 0x00007ffd64c9b000 	C:\Windows\system32\NLAapi.dll
0x00007ffd6b2d0000 - 0x00007ffd6b374000 	C:\Windows\SYSTEM32\DNSAPI.dll
0x00007ffd4e850000 - 0x00007ffd4e85d000 	C:\Windows\System32\winrnr.dll
0x00007ffd4e620000 - 0x00007ffd4e634000 	C:\Windows\system32\wshbth.dll
0x00007ffd4f4e0000 - 0x00007ffd4f4ea000 	C:\Windows\System32\rasadhlp.dll
0x00007ffd65720000 - 0x00007ffd6574a000 	C:\Windows\SYSTEM32\IPHLPAPI.DLL
0x00007ffd65710000 - 0x00007ffd6571a000 	C:\Windows\SYSTEM32\WINNSI.DLL
0x00007ffd642b0000 - 0x00007ffd6431b000 	C:\Windows\System32\fwpuclnt.dll
0x00007ffd6b530000 - 0x00007ffd6b550000 	C:\Windows\SYSTEM32\CRYPTSP.dll
0x00007ffd6b150000 - 0x00007ffd6b186000 	C:\Windows\system32\rsaenh.dll
0x00007ffd6b780000 - 0x00007ffd6b7a6000 	C:\Windows\SYSTEM32\bcrypt.dll
0x00007ffd6baa0000 - 0x00007ffd6bb03000 	C:\Windows\system32\bcryptprimitives.dll
0x00007ffd6bb10000 - 0x00007ffd6bb1b000 	C:\Windows\SYSTEM32\CRYPTBASE.dll
0x00007ffd64070000 - 0x00007ffd64086000 	C:\Windows\SYSTEM32\dhcpcsvc6.DLL
0x00007ffd64090000 - 0x00007ffd640aa000 	C:\Windows\SYSTEM32\dhcpcsvc.DLL
0x000000005cfb0000 - 0x000000005cfd4000 	C:\Program Files\Java\jre1.8.0_181\bin\sunec.dll
0x00007ffd643a0000 - 0x00007ffd64529000 	C:\Windows\SYSTEM32\dbghelp.dll

VM Arguments:
jvm_args: -Dcom.sun.management.jmxremote -Dcom.sun.management.jmxremote.port=62911 -Dcom.sun.management.jmxremote.authenticate=false -Dcom.sun.management.jmxremote.ssl=false -Djava.rmi.server.hostname=localhost -Dspring.liveBeansView.mbeanDomain -Dspring.application.admin.enabled=true -Xverify:none -XX:TieredStopAtLevel=1 -Dfile.encoding=UTF-8 
java_command: sv.com.aox.ReservacionesApplication
java_class_path (initial): C:\Program Files\Java\jre1.8.0_181\lib\resources.jar;C:\Program Files\Java\jre1.8.0_181\lib\rt.jar;C:\Program Files\Java\jre1.8.0_181\lib\jsse.jar;C:\Program Files\Java\jre1.8.0_181\lib\jce.jar;C:\Program Files\Java\jre1.8.0_181\lib\charsets.jar;C:\Program Files\Java\jre1.8.0_181\lib\jfr.jar;C:\Program Files\Java\jre1.8.0_181\lib\ext\access-bridge-64.jar;C:\Program Files\Java\jre1.8.0_181\lib\ext\cldrdata.jar;C:\Program Files\Java\jre1.8.0_181\lib\ext\dnsns.jar;C:\Program Files\Java\jre1.8.0_181\lib\ext\jaccess.jar;C:\Program Files\Java\jre1.8.0_181\lib\ext\jfxrt.jar;C:\Program Files\Java\jre1.8.0_181\lib\ext\localedata.jar;C:\Program Files\Java\jre1.8.0_181\lib\ext\nashorn.jar;C:\Program Files\Java\jre1.8.0_181\lib\ext\sunec.jar;C:\Program Files\Java\jre1.8.0_181\lib\ext\sunjce_provider.jar;C:\Program Files\Java\jre1.8.0_181\lib\ext\sunmscapi.jar;C:\Program Files\Java\jre1.8.0_181\lib\ext\sunpkcs11.jar;C:\Program Files\Java\jre1.8.0_181\lib\ext\zipfs.jar;C:\Users\Alberto\eclipse-workspace\Reservaciones\target\classes;C:\Users\Alberto\.m2\repository\org\springframework\boot\spring-boot-starter-data-jpa\2.0.4.RELEASE\spring-boot-starter-data-jpa-2.0.4.RELEASE.jar;C:\Users\Alberto\.m2\repository\org\springframework\boot\spring-boot-starter\2.0.4.RELEASE\spring-boot-starter-2.0.4.RELEASE.jar;C:\Users\Alberto\.m2\repository\org\springframework\boot\spring-boot-starter-logging\2.0.4.RELEASE\spring-boot-starter-logging-2.0.4.RELEASE.jar;C:\Users\Alberto\.m2\repository\ch\qos\logback\logback-classic\1.2.3\logback-classic-1.2.3.jar;C:\Users\Alberto\.m2\repository\ch\qos\logback\logback-core\1.2.3\logback-core-1.2.3.jar;C:\Users\Alberto\.m2\repository\org\apache\logging\log4j\log4j-to-slf4j\2.10.0\log4j-to-slf4j-2.10.0.jar;C:\Users\Alberto\.m2\repository\org\apache\logging\log4j\log4j-api\2.10.0\log4j-api-2.10.0.jar;C:\Users\Alberto\.m2\repository\org\slf4j\jul-to-slf4j\1.7.25\jul-to-slf4j-1.7.25.jar;C:\Users\Alberto\.m2\repository\javax\annotati
Launcher Type: SUN_STANDARD

Environment Variables:
PATH=C:/Program Files/Java/jre1.8.0_181/bin/server;C:/Program Files/Java/jre1.8.0_181/bin;C:/Program Files/Java/jre1.8.0_181/lib/amd64;C:\Program Files (x86)\Common Files\Oracle\Java\javapath;C:\app\Alberto\product\12.2.0\dbhome_1\bin;C:\ProgramData\Oracle\Java\javapath;C:\Windows\system32;C:\Windows;C:\Windows\System32\Wbem;C:\Windows\System32\WindowsPowerShell\v1.0\;C:\Windows\system32\Npcap;C:\ProgramData\ComposerSetup\bin;C:\Program Files\Git\cmd;C:\Program Files\Java\jdk1.8.0_171\bin;C:\xampp\php;C:\Users\Alberto\AppData\Roaming\Composer\vendor\bin;C:\Program Files\Heroku\bin;C:\Users\Alberto\Documents\eclipse-jee-photon-R-win32-x86_64\eclipse;
USERNAME=Alberto
OS=Windows_NT
PROCESSOR_IDENTIFIER=Intel64 Family 6 Model 42 Stepping 7, GenuineIntel



---------------  S Y S T E M  ---------------

OS: Windows 8.1 , 64 bit Build 9600 (6.3.9600.17415)

CPU:total 4 (initial active 4) (2 cores per cpu, 2 threads per core) family 6 model 42 stepping 7, cmov, cx8, fxsr, mmx, sse, sse2, sse3, ssse3, sse4.1, sse4.2, popcnt, avx, clmul, ht, tsc, tscinvbit

Memory: 4k page, physical 6197524k(1655828k free), swap 12488980k(6221724k free)

vm_info: Java HotSpot(TM) 64-Bit Server VM (25.181-b13) for windows-amd64 JRE (1.8.0_181-b13), built on Jul  7 2018 04:01:33 by "java_re" with MS VC++ 10.0 (VS2010)

time: Sat Sep 08 23:08:44 2018
elapsed time: 5 seconds (0d 0h 0m 5s)

